0 info it worked if it ends with ok
1 verbose cli [ 'node', '/usr/local/bin/npm', 'install', 'isotope-meteor' ]
2 info using npm@1.1.66
3 info using node@v0.8.15
4 verbose read json /Users/thomash/meteor/voodoometeor/package.json
5 verbose read json /Users/thomash/meteor/voodoometeor/package.json
6 verbose cache add [ 'isotope-meteor', null ]
7 silly cache add name=undefined spec="isotope-meteor" args=["isotope-meteor",null]
8 verbose parsed url { pathname: 'isotope-meteor',
8 verbose parsed url   path: 'isotope-meteor',
8 verbose parsed url   href: 'isotope-meteor' }
9 silly lockFile 5bd1cb86-isotope-meteor isotope-meteor
10 verbose lock isotope-meteor /Users/thomash/.npm/5bd1cb86-isotope-meteor.lock
11 silly lockFile 5bd1cb86-isotope-meteor isotope-meteor
12 verbose addNamed [ 'isotope-meteor', '' ]
13 verbose addNamed [ null, '' ]
14 silly lockFile 7d90109d-isotope-meteor isotope-meteor@
15 verbose lock isotope-meteor@ /Users/thomash/.npm/7d90109d-isotope-meteor.lock
16 silly addNameRange { name: 'isotope-meteor', range: '', hasData: false }
17 verbose url raw isotope-meteor
18 verbose url resolving [ 'https://registry.npmjs.org/', './isotope-meteor' ]
19 verbose url resolved https://registry.npmjs.org/isotope-meteor
20 info trying registry request attempt 1 at 15:19:15
21 http GET https://registry.npmjs.org/isotope-meteor
22 http 404 https://registry.npmjs.org/isotope-meteor
23 silly registry.get cb [ 404,
23 silly registry.get   { server: 'CouchDB/1.3.0 (Erlang OTP/R15B03)',
23 silly registry.get     date: 'Sat, 27 Jul 2013 13:19:18 GMT',
23 silly registry.get     'content-type': 'application/json',
23 silly registry.get     'content-length': '52',
23 silly registry.get     'cache-control': 'must-revalidate' } ]
24 silly lockFile 7d90109d-isotope-meteor isotope-meteor@
25 error 404 'isotope-meteor' is not in the npm registry.
25 error 404 You should bug the author to publish it
25 error 404
25 error 404 Note that you can also install from a
25 error 404 tarball, folder, or http url, or git url.
26 error System Darwin 11.4.2
27 error command "node" "/usr/local/bin/npm" "install" "isotope-meteor"
28 error cwd /Users/thomash/meteor/voodoometeor
29 error node -v v0.8.15
30 error npm -v 1.1.66
31 error code E404
32 verbose exit [ 1, true ]
